<?xml version="1.0" encoding="UTF-8"?>
<!-- Generated by org.testng.reporters.JUnitXMLReporter -->
<testsuite ignored="0" hostname="Shrenis-iMac.local" failures="0" tests="2" name="Test" time="44.886" errors="0" timestamp="2020-08-14T00:31:51 BST">
  <testcase classname="com.endclothing.automation.tests.ClothingPageTest" name="verifyShirtsFilterAndProductCountTest" time="6.861"/>
  <testcase classname="com.endclothing.automation.tests.SearchProductsPageTest" name="verifyTwoShirtsAddedToCartAndCartTotal" time="29.196"/>
</testsuite> <!-- Test -->
