<?xml version="1.0" encoding="UTF-8"?>
<!-- Generated by org.testng.reporters.JUnitXMLReporter -->
<testsuite ignored="0" hostname="Shrenis-iMac.local" failures="0" tests="2" name="End Clothing UI Tests" time="45.457" errors="0" timestamp="2020-08-14T01:37:23 BST">
  <testcase classname="com.endclothing.automation.tests.ClothingPageTest" name="verifyShirtsFilterAndProductCountTest" time="8.237"/>
  <testcase classname="com.endclothing.automation.tests.SearchProductsPageTest" name="verifyTwoShirtsAddedToCartAndCartTotal" time="30.896"/>
</testsuite> <!-- End Clothing UI Tests -->
