<?xml version="1.0" encoding="UTF-8"?>
<testng-results ignored="0" total="2" passed="2" failed="0" skipped="0">
  <reporter-output>
  </reporter-output>
  <suite started-at="2020-08-14T05:04:40 BST" name="Suite" finished-at="2020-08-14T05:05:30 BST" duration-ms="49300">
    <groups>
    </groups>
    <test started-at="2020-08-14T05:04:40 BST" name="Test1" finished-at="2020-08-14T05:05:30 BST" duration-ms="49300">
      <class name="com.endclothing.automation.tests.ClothingPageTest">
        <test-method is-config="true" signature="setup()[pri:0, instance:com.endclothing.automation.tests.ClothingPageTest@150ab4ed]" started-at="2020-08-14T05:04:40 BST" name="setup" finished-at="2020-08-14T05:04:46 BST" duration-ms="5520" status="PASS">
          <reporter-output>
          </reporter-output>
        </test-method> <!-- setup -->
        <test-method signature="verifyShirtsFilterAndProductCountTest()[pri:0, instance:com.endclothing.automation.tests.ClothingPageTest@150ab4ed]" started-at="2020-08-14T05:04:46 BST" name="verifyShirtsFilterAndProductCountTest" description="Verifies Black colour filter and Products count" finished-at="2020-08-14T05:04:55 BST" duration-ms="8884" status="PASS">
          <reporter-output>
          </reporter-output>
        </test-method> <!-- verifyShirtsFilterAndProductCountTest -->
        <test-method is-config="true" signature="teardown()[pri:0, instance:com.endclothing.automation.tests.ClothingPageTest@150ab4ed]" started-at="2020-08-14T05:04:55 BST" name="teardown" finished-at="2020-08-14T05:04:55 BST" duration-ms="257" status="PASS">
          <reporter-output>
          </reporter-output>
        </test-method> <!-- teardown -->
      </class> <!-- com.endclothing.automation.tests.ClothingPageTest -->
      <class name="com.endclothing.automation.tests.SearchProductsPageTest">
        <test-method is-config="true" signature="setup()[pri:0, instance:com.endclothing.automation.tests.SearchProductsPageTest@3c435123]" started-at="2020-08-14T05:04:55 BST" name="setup" finished-at="2020-08-14T05:04:59 BST" duration-ms="4295" status="PASS">
          <reporter-output>
          </reporter-output>
        </test-method> <!-- setup -->
        <test-method signature="verifyTwoShirtsAddedToCartAndCartTotal()[pri:0, instance:com.endclothing.automation.tests.SearchProductsPageTest@3c435123]" started-at="2020-08-14T05:04:59 BST" name="verifyTwoShirtsAddedToCartAndCartTotal" description="Verifies Products Count and Cart Total" finished-at="2020-08-14T05:05:29 BST" duration-ms="30066" status="PASS">
          <reporter-output>
          </reporter-output>
        </test-method> <!-- verifyTwoShirtsAddedToCartAndCartTotal -->
        <test-method is-config="true" signature="teardown()[pri:0, instance:com.endclothing.automation.tests.SearchProductsPageTest@3c435123]" started-at="2020-08-14T05:05:29 BST" name="teardown" finished-at="2020-08-14T05:05:30 BST" duration-ms="177" status="PASS">
          <reporter-output>
          </reporter-output>
        </test-method> <!-- teardown -->
      </class> <!-- com.endclothing.automation.tests.SearchProductsPageTest -->
    </test> <!-- Test1 -->
  </suite> <!-- Suite -->
</testng-results>
